android/app/build/intermediates/manifest_merge_blame_file/debug/processDebugMainManifest/manifest-merger-blame-debug-report.txt
1<?xml version="1.0" encoding="utf-8"?>
2<manifest xmlns:android="http://schemas.android.com/apk/res/android"
3    package="com.qodeinvest.myqode"
4    android:versionCode="1"
5    android:versionName="1.0" >
6
7    <uses-sdk
8        android:minSdkVersion="23"
9        android:targetSdkVersion="35" />
10
11    <!-- Permissions -->
12    <uses-permission android:name="android.permission.INTERNET" />
12-->src\main\AndroidManifest.xml:51:5-67
12-->src\main\AndroidManifest.xml:51:22-64
13    <uses-permission android:name="android.permission.ACCESS_NETWORK_STATE" />
13-->src\main\AndroidManifest.xml:52:5-79
13-->src\main\AndroidManifest.xml:52:22-76
14    <uses-permission android:name="android.permission.VIBRATE" />
14-->src\main\AndroidManifest.xml:53:5-66
14-->src\main\AndroidManifest.xml:53:22-63
15    <uses-permission android:name="android.permission.WAKE_LOCK" />
15-->src\main\AndroidManifest.xml:54:5-68
15-->src\main\AndroidManifest.xml:54:22-65
16
17    <!-- Camera permission for potential future use -->
18    <uses-permission android:name="android.permission.CAMERA" />
18-->src\main\AndroidManifest.xml:57:5-65
18-->src\main\AndroidManifest.xml:57:22-62
19
20    <uses-feature
20-->src\main\AndroidManifest.xml:58:5-85
21        android:name="android.hardware.camera"
21-->src\main\AndroidManifest.xml:58:19-57
22        android:required="false" />
22-->src\main\AndroidManifest.xml:58:58-82
23
24    <queries>
24-->[:capacitor-browser] AndroidManifest.xml:7:5-11:15
25        <intent>
25-->[:capacitor-browser] AndroidManifest.xml:8:9-10:18
26            <action android:name="android.support.customtabs.action.CustomTabsService" />
26-->[:capacitor-browser] AndroidManifest.xml:9:13-90
26-->[:capacitor-browser] AndroidManifest.xml:9:21-87
27        </intent>
28    </queries>
29
30    <permission
30-->[androidx.core:core:1.15.0] AndroidManifest.xml:22:5-24:47
31        android:name="com.qodeinvest.myqode.DYNAMIC_RECEIVER_NOT_EXPORTED_PERMISSION"
31-->[androidx.core:core:1.15.0] AndroidManifest.xml:23:9-81
32        android:protectionLevel="signature" />
32-->[androidx.core:core:1.15.0] AndroidManifest.xml:24:9-44
33
34    <uses-permission android:name="com.qodeinvest.myqode.DYNAMIC_RECEIVER_NOT_EXPORTED_PERMISSION" />
34-->[androidx.core:core:1.15.0] AndroidManifest.xml:26:5-97
34-->[androidx.core:core:1.15.0] AndroidManifest.xml:26:22-94
35
36    <application
36-->src\main\AndroidManifest.xml:4:5-48:19
37        android:allowBackup="true"
37-->src\main\AndroidManifest.xml:5:9-35
38        android:appComponentFactory="androidx.core.app.CoreComponentFactory"
38-->[androidx.core:core:1.15.0] AndroidManifest.xml:28:18-86
39        android:debuggable="true"
40        android:extractNativeLibs="false"
41        android:hardwareAccelerated="true"
41-->src\main\AndroidManifest.xml:12:9-43
42        android:icon="@mipmap/ic_launcher"
42-->src\main\AndroidManifest.xml:6:9-43
43        android:label="@string/app_name"
43-->src\main\AndroidManifest.xml:7:9-41
44        android:roundIcon="@mipmap/ic_launcher_round"
44-->src\main\AndroidManifest.xml:8:9-54
45        android:supportsRtl="true"
45-->src\main\AndroidManifest.xml:9:9-35
46        android:testOnly="true"
47        android:theme="@style/AppTheme"
47-->src\main\AndroidManifest.xml:10:9-40
48        android:usesCleartextTraffic="true" >
48-->src\main\AndroidManifest.xml:11:9-44
49        <activity
49-->src\main\AndroidManifest.xml:14:9-37:20
50            android:name="com.qodeinvest.myqode.MainActivity"
50-->src\main\AndroidManifest.xml:16:13-41
51            android:configChanges="orientation|keyboardHidden|keyboard|screenSize|locale|smallestScreenSize|screenLayout|uiMode|navigation"
51-->src\main\AndroidManifest.xml:15:13-140
52            android:exported="true"
52-->src\main\AndroidManifest.xml:20:13-36
53            android:label="@string/title_activity_main"
53-->src\main\AndroidManifest.xml:17:13-56
54            android:launchMode="singleTask"
54-->src\main\AndroidManifest.xml:19:13-44
55            android:screenOrientation="portrait"
55-->src\main\AndroidManifest.xml:21:13-49
56            android:theme="@style/AppTheme.NoActionBarLaunch"
56-->src\main\AndroidManifest.xml:18:13-62
57            android:windowSoftInputMode="adjustResize" >
57-->src\main\AndroidManifest.xml:22:13-55
58            <intent-filter>
58-->src\main\AndroidManifest.xml:24:13-27:29
59                <action android:name="android.intent.action.MAIN" />
59-->src\main\AndroidManifest.xml:25:17-69
59-->src\main\AndroidManifest.xml:25:25-66
60
61                <category android:name="android.intent.category.LAUNCHER" />
61-->src\main\AndroidManifest.xml:26:17-77
61-->src\main\AndroidManifest.xml:26:27-74
62            </intent-filter>
63
64            <!-- Deep linking support -->
65            <intent-filter android:autoVerify="true" >
65-->src\main\AndroidManifest.xml:30:13-35:29
65-->src\main\AndroidManifest.xml:30:28-53
66                <action android:name="android.intent.action.VIEW" />
66-->src\main\AndroidManifest.xml:31:17-69
66-->src\main\AndroidManifest.xml:31:25-66
67
68                <category android:name="android.intent.category.DEFAULT" />
68-->src\main\AndroidManifest.xml:32:17-76
68-->src\main\AndroidManifest.xml:32:27-73
69                <category android:name="android.intent.category.BROWSABLE" />
69-->src\main\AndroidManifest.xml:33:17-78
69-->src\main\AndroidManifest.xml:33:27-75
70
71                <data
71-->src\main\AndroidManifest.xml:34:17-78
72                    android:host="qodeinvest.com"
72-->src\main\AndroidManifest.xml:34:46-75
73                    android:scheme="https" />
73-->src\main\AndroidManifest.xml:34:23-45
74            </intent-filter>
75        </activity>
76
77        <provider
78            android:name="androidx.core.content.FileProvider"
78-->src\main\AndroidManifest.xml:40:13-62
79            android:authorities="com.qodeinvest.myqode.fileprovider"
79-->src\main\AndroidManifest.xml:41:13-64
80            android:exported="false"
80-->src\main\AndroidManifest.xml:42:13-37
81            android:grantUriPermissions="true" >
81-->src\main\AndroidManifest.xml:43:13-47
82            <meta-data
82-->src\main\AndroidManifest.xml:44:13-46:64
83                android:name="android.support.FILE_PROVIDER_PATHS"
83-->src\main\AndroidManifest.xml:45:17-67
84                android:resource="@xml/file_paths" />
84-->src\main\AndroidManifest.xml:46:17-51
85        </provider>
86
87        <activity
87-->[:capacitor-browser] AndroidManifest.xml:14:9-18:75
88            android:name="com.capacitorjs.plugins.browser.BrowserControllerActivity"
88-->[:capacitor-browser] AndroidManifest.xml:15:13-85
89            android:exported="false"
89-->[:capacitor-browser] AndroidManifest.xml:16:13-37
90            android:launchMode="singleTask"
90-->[:capacitor-browser] AndroidManifest.xml:17:13-44
91            android:theme="@android:style/Theme.Translucent.NoTitleBar" />
91-->[:capacitor-browser] AndroidManifest.xml:18:13-72
92
93        <provider
93-->[androidx.emoji2:emoji2:1.3.0] AndroidManifest.xml:24:9-32:20
94            android:name="androidx.startup.InitializationProvider"
94-->[androidx.emoji2:emoji2:1.3.0] AndroidManifest.xml:25:13-67
95            android:authorities="com.qodeinvest.myqode.androidx-startup"
95-->[androidx.emoji2:emoji2:1.3.0] AndroidManifest.xml:26:13-68
96            android:exported="false" >
96-->[androidx.emoji2:emoji2:1.3.0] AndroidManifest.xml:27:13-37
97            <meta-data
97-->[androidx.emoji2:emoji2:1.3.0] AndroidManifest.xml:29:13-31:52
98                android:name="androidx.emoji2.text.EmojiCompatInitializer"
98-->[androidx.emoji2:emoji2:1.3.0] AndroidManifest.xml:30:17-75
99                android:value="androidx.startup" />
99-->[androidx.emoji2:emoji2:1.3.0] AndroidManifest.xml:31:17-49
100            <meta-data
100-->[androidx.lifecycle:lifecycle-process:2.6.2] AndroidManifest.xml:29:13-31:52
101                android:name="androidx.lifecycle.ProcessLifecycleInitializer"
101-->[androidx.lifecycle:lifecycle-process:2.6.2] AndroidManifest.xml:30:17-78
102                android:value="androidx.startup" />
102-->[androidx.lifecycle:lifecycle-process:2.6.2] AndroidManifest.xml:31:17-49
103            <meta-data
103-->[androidx.profileinstaller:profileinstaller:1.3.1] AndroidManifest.xml:29:13-31:52
104                android:name="androidx.profileinstaller.ProfileInstallerInitializer"
104-->[androidx.profileinstaller:profileinstaller:1.3.1] AndroidManifest.xml:30:17-85
105                android:value="androidx.startup" />
105-->[androidx.profileinstaller:profileinstaller:1.3.1] AndroidManifest.xml:31:17-49
106        </provider>
107
108        <receiver
108-->[androidx.profileinstaller:profileinstaller:1.3.1] AndroidManifest.xml:34:9-52:20
109            android:name="androidx.profileinstaller.ProfileInstallReceiver"
109-->[androidx.profileinstaller:profileinstaller:1.3.1] AndroidManifest.xml:35:13-76
110            android:directBootAware="false"
110-->[androidx.profileinstaller:profileinstaller:1.3.1] AndroidManifest.xml:36:13-44
111            android:enabled="true"
111-->[androidx.profileinstaller:profileinstaller:1.3.1] AndroidManifest.xml:37:13-35
112            android:exported="true"
112-->[androidx.profileinstaller:profileinstaller:1.3.1] AndroidManifest.xml:38:13-36
113            android:permission="android.permission.DUMP" >
113-->[androidx.profileinstaller:profileinstaller:1.3.1] AndroidManifest.xml:39:13-57
114            <intent-filter>
114-->[androidx.profileinstaller:profileinstaller:1.3.1] AndroidManifest.xml:40:13-42:29
115                <action android:name="androidx.profileinstaller.action.INSTALL_PROFILE" />
115-->[androidx.profileinstaller:profileinstaller:1.3.1] AndroidManifest.xml:41:17-91
115-->[androidx.profileinstaller:profileinstaller:1.3.1] AndroidManifest.xml:41:25-88
116            </intent-filter>
117            <intent-filter>
117-->[androidx.profileinstaller:profileinstaller:1.3.1] AndroidManifest.xml:43:13-45:29
118                <action android:name="androidx.profileinstaller.action.SKIP_FILE" />
118-->[androidx.profileinstaller:profileinstaller:1.3.1] AndroidManifest.xml:44:17-85
118-->[androidx.profileinstaller:profileinstaller:1.3.1] AndroidManifest.xml:44:25-82
119            </intent-filter>
120            <intent-filter>
120-->[androidx.profileinstaller:profileinstaller:1.3.1] AndroidManifest.xml:46:13-48:29
121                <action android:name="androidx.profileinstaller.action.SAVE_PROFILE" />
121-->[androidx.profileinstaller:profileinstaller:1.3.1] AndroidManifest.xml:47:17-88
121-->[androidx.profileinstaller:profileinstaller:1.3.1] AndroidManifest.xml:47:25-85
122            </intent-filter>
123            <intent-filter>
123-->[androidx.profileinstaller:profileinstaller:1.3.1] AndroidManifest.xml:49:13-51:29
124                <action android:name="androidx.profileinstaller.action.BENCHMARK_OPERATION" />
124-->[androidx.profileinstaller:profileinstaller:1.3.1] AndroidManifest.xml:50:17-95
124-->[androidx.profileinstaller:profileinstaller:1.3.1] AndroidManifest.xml:50:25-92
125            </intent-filter>
126        </receiver>
127    </application>
128
129</manifest>